<?xml version="1.0" encoding="UTF-8"?>
<!-- Generated by org.testng.reporters.JUnitReportReporter -->
<testsuite hostname="DESKTOP-PHEMFF9" failures="0" tests="3" name="testNg.Demo3" time="0.016" errors="0" timestamp="2022-11-07T18:33:18 IST" skipped="0">
  <testcase classname="testNg.Demo3" name="z" time="0.006"/>
  <system-out/>
  <testcase classname="testNg.Demo3" name="a" time="0.003"/>
  <system-out/>
  <testcase classname="testNg.Demo3" name="c" time="0.007"/>
  <system-out/>
</testsuite> <!-- testNg.Demo3 -->
