<?xml version="1.0" encoding="UTF-8"?>
<!-- Generated by org.testng.reporters.JUnitReportReporter -->
<testsuite hostname="DESKTOP-PHEMFF9" failures="0" tests="3" name="testNg.Demo2" time="89.478" errors="0" timestamp="2022-11-07T18:33:18 IST" skipped="0">
  <testcase classname="testNg.Demo2" name="aiframeHandle" time="55.422"/>
  <system-out/>
  <testcase classname="testNg.Demo2" name="serachTest" time="23.880"/>
  <system-out/>
  <testcase classname="testNg.Demo2" name="checkMail" time="10.176"/>
  <system-out/>
</testsuite> <!-- testNg.Demo2 -->
