<?xml version="1.0" encoding="UTF-8"?>
<!-- Generated by org.testng.reporters.JUnitReportReporter -->
<testsuite hostname="DESKTOP-PHEMFF9" failures="0" tests="3" name="testNg.Demo" time="30.751" errors="0" timestamp="2022-11-07T18:52:35 IST" skipped="0">
  <testcase classname="testNg.Demo" name="googleTitleTest" time="9.043"/>
  <system-out/>
  <testcase classname="testNg.Demo" name="mailLinkTest" time="8.635"/>
  <system-out/>
  <testcase classname="testNg.Demo" name="logoTest" time="13.073"/>
  <system-out/>
</testsuite> <!-- testNg.Demo -->
